Build started 10/20/2014 12:05:15 AM.
     1>Project "E:\Git Repositories\cs3113-hw\HW5 (side scroller)\NYUCodebase\NYUCodebase.vcxproj" on node 2 (Build target(s)).
     1>ClCompile:
         C:\Program Files (x86)\Microsoft Visual Studio 12.0\VC\bin\CL.exe /c /IC:\SDL2_mixer\include /IC:\SDL2\include /IC:\SDL2_image\include /ZI /nologo /W3 /WX- /sdl /Od /Oy- /D _MBCS /Gm /EHsc /RTC1 /MDd /GS /fp:precise /Zc:wchar_t /Zc:forScope /Fo"Debug\\" /Fd"Debug\vc120.pdb" /Gd /TP /analyze- /errorReport:prompt SideScroller.cpp
         SideScroller.cpp
     1>e:\git repositories\cs3113-hw\hw5 (side scroller)\nyucodebase\sidescroller.cpp(304): warning C4018: '<' : signed/unsigned mismatch
     1>e:\git repositories\cs3113-hw\hw5 (side scroller)\nyucodebase\sidescroller.cpp(319): warning C4018: '<' : signed/unsigned mismatch
     1>e:\git repositories\cs3113-hw\hw5 (side scroller)\nyucodebase\sidescroller.cpp(324): warning C4018: '<' : signed/unsigned mismatch
     1>e:\git repositories\cs3113-hw\hw5 (side scroller)\nyucodebase\sidescroller.cpp(391): warning C4018: '<' : signed/unsigned mismatch
     1>e:\git repositories\cs3113-hw\hw5 (side scroller)\nyucodebase\sidescroller.cpp(392): warning C4018: '<' : signed/unsigned mismatch
     1>e:\git repositories\cs3113-hw\hw5 (side scroller)\nyucodebase\sidescroller.cpp(466): warning C4244: '=' : conversion from 'float' to 'int', possible loss of data
     1>e:\git repositories\cs3113-hw\hw5 (side scroller)\nyucodebase\sidescroller.cpp(467): warning C4244: '=' : conversion from 'float' to 'int', possible loss of data
     1>e:\git repositories\cs3113-hw\hw5 (side scroller)\nyucodebase\sidescroller.cpp(492): warning C4244: 'initializing' : conversion from 'double' to 'float', possible loss of data
     1>e:\git repositories\cs3113-hw\hw5 (side scroller)\nyucodebase\sidescroller.cpp(502): warning C4244: 'argument' : conversion from 'double' to 'float', possible loss of data
     1>e:\git repositories\cs3113-hw\hw5 (side scroller)\nyucodebase\sidescroller.cpp(511): warning C4244: 'argument' : conversion from 'double' to 'float', possible loss of data
     1>e:\git repositories\cs3113-hw\hw5 (side scroller)\nyucodebase\sidescroller.cpp(523): warning C4244: 'argument' : conversion from 'double' to 'float', possible loss of data
       Link:
         C:\Program Files (x86)\Microsoft Visual Studio 12.0\VC\bin\link.exe /ERRORREPORT:PROMPT /OUT:"E:\Git Repositories\cs3113-hw\HW5 (side scroller)\Debug\NYUCodebase.exe" /INCREMENTAL /NOLOGO /LIBPATH:C:\SDL2\lib\x86 /LIBPATH:C:\SDL2_image\lib\x86 /LIBPATH:C:\SDL2_mixer\lib\x86 SDL2.lib SDL2main.lib SDL2_image.lib SDL2_mixer.lib OpenGL32.lib /MANIFEST /MANIFESTUAC:"level='asInvoker' uiAccess='false'" /manifest:embed /DEBUG /PDB:"E:\Git Repositories\cs3113-hw\HW5 (side scroller)\Debug\NYUCodebase.pdb" /SUBSYSTEM:WINDOWS /TLBID:1 /DYNAMICBASE /NXCOMPAT /IMPLIB:"E:\Git Repositories\cs3113-hw\HW5 (side scroller)\Debug\NYUCodebase.lib" /MACHINE:X86 Debug\Bullet.obj
         Debug\Entity.obj
         Debug\main.obj
         Debug\Player.obj
         Debug\SheetSprite.obj
         Debug\SideScroller.obj
         NYUCodebase.vcxproj -> E:\Git Repositories\cs3113-hw\HW5 (side scroller)\Debug\NYUCodebase.exe
     1>Done Building Project "E:\Git Repositories\cs3113-hw\HW5 (side scroller)\NYUCodebase\NYUCodebase.vcxproj" (Build target(s)).

Build succeeded.

Time Elapsed 00:00:00.92
